2025-08-01T00:38:35.487+05:30  INFO 21308 --- [foodapp] [restartedMain] o.s.boot.SpringApplication               :      _       _      _____ ___   ___  ____          _    ____  ____
    / \     | |    |  ___/ _ \ / _ \|  _ \        / \  |  _ \|  _ \
   / _ \ _  | |    | |_ | | | | | | | | | |      / _ \ | |_) | |_) |
  / ___ \ |_| |    |  _|| |_| | |_| | |_| |     / ___ \|  __/|  __/
 /_/   \_\___/     |_|   \___/ \___/|____/     /_/   \_\_|   |_|


2025-08-01T00:38:35.566+05:30  INFO 21308 --- [foodapp] [restartedMain] com.aj.foodapp.FoodappApplication        : Starting FoodappApplication using Java 19.0.2 with PID 21308 (D:\SpringBoot React Projects\foodapp\target\classes started by Aathavan in D:\SpringBoot React Projects\foodapp)
2025-08-01T00:38:35.570+05:30  INFO 21308 --- [foodapp] [restartedMain] com.aj.foodapp.FoodappApplication        : No active profile set, falling back to 1 default profile: "default"
2025-08-01T00:38:35.646+05:30  INFO 21308 --- [foodapp] [restartedMain] .e.DevToolsPropertyDefaultsPostProcessor : Devtools property defaults active! Set 'spring.devtools.add-properties' to 'false' to disable
2025-08-01T00:38:35.647+05:30  INFO 21308 --- [foodapp] [restartedMain] .e.DevToolsPropertyDefaultsPostProcessor : For additional web related logging consider setting the 'logging.level.web' property to 'DEBUG'
2025-08-01T00:38:36.505+05:30  INFO 21308 --- [foodapp] [restartedMain] .s.d.r.c.RepositoryConfigurationDelegate : Bootstrapping Spring Data MongoDB repositories in DEFAULT mode.
2025-08-01T00:38:36.589+05:30  INFO 21308 --- [foodapp] [restartedMain] .s.d.r.c.RepositoryConfigurationDelegate : Finished Spring Data repository scanning in 74 ms. Found 1 MongoDB repository interface.
2025-08-01T00:38:37.142+05:30  INFO 21308 --- [foodapp] [restartedMain] o.s.b.w.embedded.tomcat.TomcatWebServer  : Tomcat initialized with port 8080 (http)
2025-08-01T00:38:37.163+05:30  INFO 21308 --- [foodapp] [restartedMain] o.apache.catalina.core.StandardService   : Starting service [Tomcat]
2025-08-01T00:38:37.163+05:30  INFO 21308 --- [foodapp] [restartedMain] o.apache.catalina.core.StandardEngine    : Starting Servlet engine: [Apache Tomcat/10.1.43]
2025-08-01T00:38:37.205+05:30  INFO 21308 --- [foodapp] [restartedMain] o.a.c.c.C.[Tomcat].[localhost].[/]       : Initializing Spring embedded WebApplicationContext
2025-08-01T00:38:37.205+05:30  INFO 21308 --- [foodapp] [restartedMain] w.s.c.ServletWebServerApplicationContext : Root WebApplicationContext: initialization completed in 1557 ms
2025-08-01T00:38:37.424+05:30  INFO 21308 --- [foodapp] [restartedMain] org.mongodb.driver.client                : MongoClient with metadata {"driver": {"name": "mongo-java-driver|sync|spring-boot", "version": "5.5.1"}, "os": {"type": "Windows", "name": "Windows 11", "architecture": "amd64", "version": "10.0"}, "platform": "Java/Oracle Corporation/19.0.2+7-44"} created with settings MongoClientSettings{readPreference=primary, writeConcern=WriteConcern{w=null, wTimeout=null ms, journal=null}, retryWrites=true, retryReads=true, readConcern=ReadConcern{level=null}, credential=MongoCredential{mechanism=null, userName='foodapp', source='foodapp', password=<hidden>, mechanismProperties=<hidden>}, transportSettings=null, commandListeners=[], codecRegistry=ProvidersCodecRegistry{codecProviders=[ValueCodecProvider{}, BsonValueCodecProvider{}, DBRefCodecProvider{}, DBObjectCodecProvider{}, DocumentCodecProvider{}, CollectionCodecProvider{}, IterableCodecProvider{}, MapCodecProvider{}, GeoJsonCodecProvider{}, GridFSFileCodecProvider{}, Jsr310CodecProvider{}, JsonObjectCodecProvider{}, BsonCodecProvider{}, EnumCodecProvider{}, com.mongodb.client.model.mql.ExpressionCodecProvider@6a9f4cbf, com.mongodb.Jep395RecordCodecProvider@2e483b32, com.mongodb.KotlinCodecProvider@15d746aa]}, loggerSettings=LoggerSettings{maxDocumentLength=1000}, clusterSettings={hosts=[localhost:27017], srvServiceName=mongodb, mode=SINGLE, requiredClusterType=UNKNOWN, requiredReplicaSetName='null', serverSelector='null', clusterListeners='[]', serverSelectionTimeout='30000 ms', localThreshold='15 ms'}, socketSettings=SocketSettings{connectTimeoutMS=10000, readTimeoutMS=0, receiveBufferSize=0, proxySettings=ProxySettings{host=null, port=null, username=null, password=null}}, heartbeatSocketSettings=SocketSettings{connectTimeoutMS=10000, readTimeoutMS=10000, receiveBufferSize=0, proxySettings=ProxySettings{host=null, port=null, username=null, password=null}}, connectionPoolSettings=ConnectionPoolSettings{maxSize=100, minSize=0, maxWaitTimeMS=120000, maxConnectionLifeTimeMS=0, maxConnectionIdleTimeMS=0, maintenanceInitialDelayMS=0, maintenanceFrequencyMS=60000, connectionPoolListeners=[], maxConnecting=2}, serverSettings=ServerSettings{heartbeatFrequencyMS=10000, minHeartbeatFrequencyMS=500, serverMonitoringMode=AUTO, serverListeners='[]', serverMonitorListeners='[]'}, sslSettings=SslSettings{enabled=false, invalidHostNameAllowed=false, context=null}, applicationName='null', compressorList=[], uuidRepresentation=JAVA_LEGACY, serverApi=null, autoEncryptionSettings=null, dnsClient=null, inetAddressResolver=null, contextProvider=null, timeoutMS=null}
2025-08-01T00:38:37.438+05:30  INFO 21308 --- [foodapp] [cluster-ClusterId{value='688bbf353acd260af78c0810', description='null'}-localhost:27017] org.mongodb.driver.cluster               : Monitor thread successfully connected to server with description ServerDescription{address=localhost:27017, type=STANDALONE, cryptd=false, state=CONNECTED, ok=true, minWireVersion=0, maxWireVersion=25, maxDocumentSize=16777216, logicalSessionTimeoutMinutes=30, roundTripTimeNanos=19170900, minRoundTripTimeNanos=0}
2025-08-01T00:38:37.574+05:30  INFO 21308 --- [foodapp] [restartedMain] o.s.b.d.a.OptionalLiveReloadServer       : LiveReload server is running on port 35729
2025-08-01T00:38:37.719+05:30  INFO 21308 --- [foodapp] [restartedMain] c.aj.foodapp.service.FoodAppServiceImpl  : Root Location : D:\SpringBoot React Projects\foodapp_images
2025-08-01T00:38:38.159+05:30  INFO 21308 --- [foodapp] [restartedMain] o.s.b.w.embedded.tomcat.TomcatWebServer  : Tomcat started on port 8080 (http) with context path '/'
2025-08-01T00:38:38.175+05:30  INFO 21308 --- [foodapp] [restartedMain] com.aj.foodapp.FoodappApplication        : Started FoodappApplication in 3.263 seconds (process running for 3.803)
2025-08-01T00:38:38.180+05:30  INFO 21308 --- [foodapp] [restartedMain] com.aj.foodapp.FoodappApplication        : Hello AJ Tech -> Food App Started Successfully
2025-08-01T00:39:11.827+05:30  INFO 21308 --- [foodapp] [http-nio-8080-exec-1] o.a.c.c.C.[Tomcat].[localhost].[/]       : Initializing Spring DispatcherServlet 'dispatcherServlet'
2025-08-01T00:39:11.828+05:30  INFO 21308 --- [foodapp] [http-nio-8080-exec-1] o.s.web.servlet.DispatcherServlet        : Initializing Servlet 'dispatcherServlet'
2025-08-01T00:39:11.831+05:30  INFO 21308 --- [foodapp] [http-nio-8080-exec-1] o.s.web.servlet.DispatcherServlet        : Completed initialization in 2 ms
2025-08-01T00:39:11.974+05:30  INFO 21308 --- [foodapp] [http-nio-8080-exec-1] c.aj.foodapp.controller.FoodController   : Request URL : 127.0.0.1:8080/foodapp/api/uploadfood
2025-08-01T00:39:12.063+05:30  INFO 21308 --- [foodapp] [http-nio-8080-exec-1] c.aj.foodapp.controller.FoodController   : Food Request : FoodRequest(name=name, category=category, description=description, price=100.0)
2025-08-01T00:39:12.064+05:30  INFO 21308 --- [foodapp] [http-nio-8080-exec-1] c.aj.foodapp.service.FoodAppServiceImpl  : Food Upload Started for : FoodRequest(name=name, category=category, description=description, price=100.0)
2025-08-01T00:39:12.064+05:30  INFO 21308 --- [foodapp] [http-nio-8080-exec-1] c.aj.foodapp.service.FoodAppServiceImpl  : Food Entity Preperation for Food Request: FoodRequest(name=name, category=category, description=description, price=100.0)
2025-08-01T00:39:12.065+05:30  INFO 21308 --- [foodapp] [http-nio-8080-exec-1] c.aj.foodapp.service.FoodAppServiceImpl  : Destination File Created : D:\SpringBoot React Projects\foodapp_images\Starry-Night-canvas-Vincent-van-Gogh-New-1889.png
2025-08-01T00:39:12.067+05:30  INFO 21308 --- [foodapp] [http-nio-8080-exec-1] c.aj.foodapp.service.FoodAppServiceImpl  : File (Info) Name : file Starry-Night-canvas-Vincent-van-Gogh-New-1889.png image/png
2025-08-01T00:39:12.078+05:30  INFO 21308 --- [foodapp] [http-nio-8080-exec-1] c.aj.foodapp.service.FoodAppServiceImpl  : File exists at destination, copy likely successful.
2025-08-01T00:39:12.423+05:30  INFO 21308 --- [foodapp] [http-nio-8080-exec-1] c.aj.foodapp.service.FoodAppServiceImpl  : Food Upload Ended for : FoodRequest(name=name, category=category, description=description, price=100.0)
2025-08-01T00:39:12.429+05:30  INFO 21308 --- [foodapp] [http-nio-8080-exec-1] c.aj.foodapp.service.FoodAppServiceImpl  : Food Response Preperation for Food Entity : FoodEntity(id=688bbf583acd260af78c0811, name=name, category=category, description=description, price=100.0, imageUrl=D:\SpringBoot React Projects\foodapp_images\Starry-Night-canvas-Vincent-van-Gogh-New-1889.png)
2025-08-01T00:39:12.431+05:30  INFO 21308 --- [foodapp] [http-nio-8080-exec-1] c.aj.foodapp.controller.FoodController   : Food Response : FoodResponse(id=688bbf583acd260af78c0811, name=name, category=category, description=description, price=100.0, imageUrl=D:\SpringBoot React Projects\foodapp_images\Starry-Night-canvas-Vincent-van-Gogh-New-1889.png)
2025-08-01T00:39:12.440+05:30  INFO 21308 --- [foodapp] [http-nio-8080-exec-1] c.aj.foodapp.controller.FoodController   : Food Response Entity : <201 CREATED Created,FoodResponse(id=688bbf583acd260af78c0811, name=name, category=category, description=description, price=100.0, imageUrl=D:\SpringBoot React Projects\foodapp_images\Starry-Night-canvas-Vincent-van-Gogh-New-1889.png),[]>
2025-08-01T00:39:48.692+05:30  INFO 21308 --- [foodapp] [SpringApplicationShutdownHook] o.s.b.w.e.tomcat.GracefulShutdown        : Commencing graceful shutdown. Waiting for active requests to complete
2025-08-01T00:39:48.809+05:30  INFO 21308 --- [foodapp] [tomcat-shutdown] o.s.b.w.e.tomcat.GracefulShutdown        : Graceful shutdown complete
